{"total": {"lines":{"total":1136,"covered":849,"skipped":0,"pct":74.73},"statements":{"total":1136,"covered":849,"skipped":0,"pct":74.73},"functions":{"total":47,"covered":41,"skipped":0,"pct":87.23},"branches":{"total":145,"covered":125,"skipped":0,"pct":86.2},"branchesTrue":{"total":0,"covered":0,"skipped":0,"pct":100}}
,"E:\\work-poizon\\goods-converter\\src\\index.ts": {"lines":{"total":4,"covered":0,"skipped":0,"pct":0},"functions":{"total":1,"covered":0,"skipped":0,"pct":0},"statements":{"total":4,"covered":0,"skipped":0,"pct":0},"branches":{"total":1,"covered":0,"skipped":0,"pct":0}}
,"E:\\work-poizon\\goods-converter\\src\\exporter\\exporter.types.ts": {"lines":{"total":0,"covered":0,"skipped":0,"pct":100},"functions":{"total":0,"covered":0,"skipped":0,"pct":100},"statements":{"total":0,"covered":0,"skipped":0,"pct":100},"branches":{"total":0,"covered":0,"skipped":0,"pct":100}}
,"E:\\work-poizon\\goods-converter\\src\\exporter\\goodsExporter.ts": {"lines":{"total":49,"covered":47,"skipped":0,"pct":95.91},"functions":{"total":8,"covered":7,"skipped":0,"pct":87.5},"statements":{"total":49,"covered":47,"skipped":0,"pct":95.91},"branches":{"total":8,"covered":8,"skipped":0,"pct":100}}
,"E:\\work-poizon\\goods-converter\\src\\exporter\\index.ts": {"lines":{"total":2,"covered":2,"skipped":0,"pct":100},"functions":{"total":0,"covered":0,"skipped":0,"pct":100},"statements":{"total":2,"covered":2,"skipped":0,"pct":100},"branches":{"total":0,"covered":0,"skipped":0,"pct":100}}
,"E:\\work-poizon\\goods-converter\\src\\formatter\\CSV.formatter.ts": {"lines":{"total":81,"covered":81,"skipped":0,"pct":100},"functions":{"total":2,"covered":2,"skipped":0,"pct":100},"statements":{"total":81,"covered":81,"skipped":0,"pct":100},"branches":{"total":15,"covered":13,"skipped":0,"pct":86.66}}
,"E:\\work-poizon\\goods-converter\\src\\formatter\\Excel.formatter.ts": {"lines":{"total":84,"covered":84,"skipped":0,"pct":100},"functions":{"total":2,"covered":2,"skipped":0,"pct":100},"statements":{"total":84,"covered":84,"skipped":0,"pct":100},"branches":{"total":16,"covered":14,"skipped":0,"pct":87.5}}
,"E:\\work-poizon\\goods-converter\\src\\formatter\\Insales.formatter.ts": {"lines":{"total":143,"covered":143,"skipped":0,"pct":100},"functions":{"total":6,"covered":6,"skipped":0,"pct":100},"statements":{"total":143,"covered":143,"skipped":0,"pct":100},"branches":{"total":27,"covered":24,"skipped":0,"pct":88.88}}
,"E:\\work-poizon\\goods-converter\\src\\formatter\\JSON.formatter.ts": {"lines":{"total":20,"covered":20,"skipped":0,"pct":100},"functions":{"total":2,"covered":2,"skipped":0,"pct":100},"statements":{"total":20,"covered":20,"skipped":0,"pct":100},"branches":{"total":2,"covered":2,"skipped":0,"pct":100}}
,"E:\\work-poizon\\goods-converter\\src\\formatter\\SimpleJSON.formatter.ts": {"lines":{"total":34,"covered":34,"skipped":0,"pct":100},"functions":{"total":2,"covered":2,"skipped":0,"pct":100},"statements":{"total":34,"covered":34,"skipped":0,"pct":100},"branches":{"total":8,"covered":7,"skipped":0,"pct":87.5}}
,"E:\\work-poizon\\goods-converter\\src\\formatter\\TgShop.formatter.ts": {"lines":{"total":81,"covered":81,"skipped":0,"pct":100},"functions":{"total":4,"covered":4,"skipped":0,"pct":100},"statements":{"total":81,"covered":81,"skipped":0,"pct":100},"branches":{"total":10,"covered":10,"skipped":0,"pct":100}}
,"E:\\work-poizon\\goods-converter\\src\\formatter\\Tilda.formatter.ts": {"lines":{"total":70,"covered":70,"skipped":0,"pct":100},"functions":{"total":2,"covered":2,"skipped":0,"pct":100},"statements":{"total":70,"covered":70,"skipped":0,"pct":100},"branches":{"total":9,"covered":9,"skipped":0,"pct":100}}
,"E:\\work-poizon\\goods-converter\\src\\formatter\\WooCommerce.formatter.ts": {"lines":{"total":250,"covered":4,"skipped":0,"pct":1.6},"functions":{"total":1,"covered":0,"skipped":0,"pct":0},"statements":{"total":250,"covered":4,"skipped":0,"pct":1.6},"branches":{"total":1,"covered":0,"skipped":0,"pct":0}}
,"E:\\work-poizon\\goods-converter\\src\\formatter\\XML.formatter.ts": {"lines":{"total":6,"covered":3,"skipped":0,"pct":50},"functions":{"total":1,"covered":0,"skipped":0,"pct":0},"statements":{"total":6,"covered":3,"skipped":0,"pct":50},"branches":{"total":1,"covered":0,"skipped":0,"pct":0}}
,"E:\\work-poizon\\goods-converter\\src\\formatter\\YML.formatter.ts": {"lines":{"total":170,"covered":163,"skipped":0,"pct":95.88},"functions":{"total":5,"covered":5,"skipped":0,"pct":100},"statements":{"total":170,"covered":163,"skipped":0,"pct":95.88},"branches":{"total":28,"covered":21,"skipped":0,"pct":75}}
,"E:\\work-poizon\\goods-converter\\src\\formatter\\formater.types.ts": {"lines":{"total":8,"covered":8,"skipped":0,"pct":100},"functions":{"total":0,"covered":0,"skipped":0,"pct":100},"statements":{"total":8,"covered":8,"skipped":0,"pct":100},"branches":{"total":1,"covered":1,"skipped":0,"pct":100}}
,"E:\\work-poizon\\goods-converter\\src\\formatter\\index.ts": {"lines":{"total":23,"covered":23,"skipped":0,"pct":100},"functions":{"total":0,"covered":0,"skipped":0,"pct":100},"statements":{"total":23,"covered":23,"skipped":0,"pct":100},"branches":{"total":0,"covered":0,"skipped":0,"pct":100}}
,"E:\\work-poizon\\goods-converter\\src\\streams\\CSVStream.ts": {"lines":{"total":33,"covered":33,"skipped":0,"pct":100},"functions":{"total":5,"covered":5,"skipped":0,"pct":100},"statements":{"total":33,"covered":33,"skipped":0,"pct":100},"branches":{"total":8,"covered":8,"skipped":0,"pct":100}}
,"E:\\work-poizon\\goods-converter\\src\\types\\Brand.types.ts": {"lines":{"total":0,"covered":0,"skipped":0,"pct":100},"functions":{"total":0,"covered":0,"skipped":0,"pct":100},"statements":{"total":0,"covered":0,"skipped":0,"pct":100},"branches":{"total":0,"covered":0,"skipped":0,"pct":100}}
,"E:\\work-poizon\\goods-converter\\src\\types\\Category.types.ts": {"lines":{"total":0,"covered":0,"skipped":0,"pct":100},"functions":{"total":0,"covered":0,"skipped":0,"pct":100},"statements":{"total":0,"covered":0,"skipped":0,"pct":100},"branches":{"total":0,"covered":0,"skipped":0,"pct":100}}
,"E:\\work-poizon\\goods-converter\\src\\types\\Product.types.ts": {"lines":{"total":12,"covered":12,"skipped":0,"pct":100},"functions":{"total":0,"covered":0,"skipped":0,"pct":100},"statements":{"total":12,"covered":12,"skipped":0,"pct":100},"branches":{"total":2,"covered":2,"skipped":0,"pct":100}}
,"E:\\work-poizon\\goods-converter\\src\\types\\index.ts": {"lines":{"total":3,"covered":3,"skipped":0,"pct":100},"functions":{"total":0,"covered":0,"skipped":0,"pct":100},"statements":{"total":3,"covered":3,"skipped":0,"pct":100},"branches":{"total":0,"covered":0,"skipped":0,"pct":100}}
,"E:\\work-poizon\\goods-converter\\src\\utils\\buildCategoryPath.ts": {"lines":{"total":23,"covered":1,"skipped":0,"pct":4.34},"functions":{"total":1,"covered":0,"skipped":0,"pct":0},"statements":{"total":23,"covered":1,"skipped":0,"pct":4.34},"branches":{"total":0,"covered":0,"skipped":0,"pct":100}}
,"E:\\work-poizon\\goods-converter\\src\\utils\\delay.ts": {"lines":{"total":2,"covered":1,"skipped":0,"pct":50},"functions":{"total":1,"covered":0,"skipped":0,"pct":0},"statements":{"total":2,"covered":1,"skipped":0,"pct":50},"branches":{"total":0,"covered":0,"skipped":0,"pct":100}}
,"E:\\work-poizon\\goods-converter\\src\\utils\\getRFC3339Date.ts": {"lines":{"total":14,"covered":14,"skipped":0,"pct":100},"functions":{"total":2,"covered":2,"skipped":0,"pct":100},"statements":{"total":14,"covered":14,"skipped":0,"pct":100},"branches":{"total":3,"covered":2,"skipped":0,"pct":66.66}}
,"E:\\work-poizon\\goods-converter\\src\\utils\\index.ts": {"lines":{"total":5,"covered":5,"skipped":0,"pct":100},"functions":{"total":0,"covered":0,"skipped":0,"pct":100},"statements":{"total":5,"covered":5,"skipped":0,"pct":100},"branches":{"total":0,"covered":0,"skipped":0,"pct":100}}
,"E:\\work-poizon\\goods-converter\\src\\utils\\urlQueryEncode.ts": {"lines":{"total":10,"covered":10,"skipped":0,"pct":100},"functions":{"total":1,"covered":1,"skipped":0,"pct":100},"statements":{"total":10,"covered":10,"skipped":0,"pct":100},"branches":{"total":2,"covered":2,"skipped":0,"pct":100}}
,"E:\\work-poizon\\goods-converter\\src\\utils\\writeWithDrain.ts": {"lines":{"total":9,"covered":7,"skipped":0,"pct":77.77},"functions":{"total":1,"covered":1,"skipped":0,"pct":100},"statements":{"total":9,"covered":7,"skipped":0,"pct":77.77},"branches":{"total":3,"covered":2,"skipped":0,"pct":66.66}}
}
