{"total": {"lines":{"total":776,"covered":489,"skipped":0,"pct":63.01},"statements":{"total":776,"covered":489,"skipped":0,"pct":63.01},"functions":{"total":31,"covered":28,"skipped":0,"pct":90.32},"branches":{"total":76,"covered":73,"skipped":0,"pct":96.05},"branchesTrue":{"total":0,"covered":0,"skipped":0,"pct":100}}
,"/Users/persovt/Documents/project/goods-converter/src/index.ts": {"lines":{"total":3,"covered":3,"skipped":0,"pct":100},"functions":{"total":0,"covered":0,"skipped":0,"pct":100},"statements":{"total":3,"covered":3,"skipped":0,"pct":100},"branches":{"total":0,"covered":0,"skipped":0,"pct":100}}
,"/Users/persovt/Documents/project/goods-converter/src/exporter/exporter.types.ts": {"lines":{"total":0,"covered":0,"skipped":0,"pct":100},"functions":{"total":0,"covered":0,"skipped":0,"pct":100},"statements":{"total":0,"covered":0,"skipped":0,"pct":100},"branches":{"total":0,"covered":0,"skipped":0,"pct":100}}
,"/Users/persovt/Documents/project/goods-converter/src/exporter/goodsExporter.ts": {"lines":{"total":38,"covered":38,"skipped":0,"pct":100},"functions":{"total":6,"covered":6,"skipped":0,"pct":100},"statements":{"total":38,"covered":38,"skipped":0,"pct":100},"branches":{"total":7,"covered":7,"skipped":0,"pct":100}}
,"/Users/persovt/Documents/project/goods-converter/src/exporter/index.ts": {"lines":{"total":2,"covered":2,"skipped":0,"pct":100},"functions":{"total":0,"covered":0,"skipped":0,"pct":100},"statements":{"total":2,"covered":2,"skipped":0,"pct":100},"branches":{"total":0,"covered":0,"skipped":0,"pct":100}}
,"/Users/persovt/Documents/project/goods-converter/src/formatter/CSV.formatter.ts": {"lines":{"total":76,"covered":76,"skipped":0,"pct":100},"functions":{"total":2,"covered":2,"skipped":0,"pct":100},"statements":{"total":76,"covered":76,"skipped":0,"pct":100},"branches":{"total":13,"covered":13,"skipped":0,"pct":100}}
,"/Users/persovt/Documents/project/goods-converter/src/formatter/Excel.formatter.ts": {"lines":{"total":83,"covered":9,"skipped":0,"pct":10.84},"functions":{"total":2,"covered":1,"skipped":0,"pct":50},"statements":{"total":83,"covered":9,"skipped":0,"pct":10.84},"branches":{"total":1,"covered":1,"skipped":0,"pct":100}}
,"/Users/persovt/Documents/project/goods-converter/src/formatter/Insales.formatter.ts": {"lines":{"total":147,"covered":9,"skipped":0,"pct":6.12},"functions":{"total":2,"covered":1,"skipped":0,"pct":50},"statements":{"total":147,"covered":9,"skipped":0,"pct":6.12},"branches":{"total":1,"covered":1,"skipped":0,"pct":100}}
,"/Users/persovt/Documents/project/goods-converter/src/formatter/JSON.formatter.ts": {"lines":{"total":18,"covered":18,"skipped":0,"pct":100},"functions":{"total":2,"covered":2,"skipped":0,"pct":100},"statements":{"total":18,"covered":18,"skipped":0,"pct":100},"branches":{"total":2,"covered":2,"skipped":0,"pct":100}}
,"/Users/persovt/Documents/project/goods-converter/src/formatter/SimpleJSON.formatter.ts": {"lines":{"total":32,"covered":32,"skipped":0,"pct":100},"functions":{"total":2,"covered":2,"skipped":0,"pct":100},"statements":{"total":32,"covered":32,"skipped":0,"pct":100},"branches":{"total":8,"covered":7,"skipped":0,"pct":87.5}}
,"/Users/persovt/Documents/project/goods-converter/src/formatter/TgShop.formatter.ts": {"lines":{"total":83,"covered":9,"skipped":0,"pct":10.84},"functions":{"total":2,"covered":1,"skipped":0,"pct":50},"statements":{"total":83,"covered":9,"skipped":0,"pct":10.84},"branches":{"total":1,"covered":1,"skipped":0,"pct":100}}
,"/Users/persovt/Documents/project/goods-converter/src/formatter/Tilda.formatter.ts": {"lines":{"total":56,"covered":56,"skipped":0,"pct":100},"functions":{"total":2,"covered":2,"skipped":0,"pct":100},"statements":{"total":56,"covered":56,"skipped":0,"pct":100},"branches":{"total":5,"covered":5,"skipped":0,"pct":100}}
,"/Users/persovt/Documents/project/goods-converter/src/formatter/YML.formatter.ts": {"lines":{"total":154,"covered":154,"skipped":0,"pct":100},"functions":{"total":5,"covered":5,"skipped":0,"pct":100},"statements":{"total":154,"covered":154,"skipped":0,"pct":100},"branches":{"total":23,"covered":21,"skipped":0,"pct":91.3}}
,"/Users/persovt/Documents/project/goods-converter/src/formatter/formater.types.ts": {"lines":{"total":7,"covered":7,"skipped":0,"pct":100},"functions":{"total":0,"covered":0,"skipped":0,"pct":100},"statements":{"total":7,"covered":7,"skipped":0,"pct":100},"branches":{"total":1,"covered":1,"skipped":0,"pct":100}}
,"/Users/persovt/Documents/project/goods-converter/src/formatter/index.ts": {"lines":{"total":19,"covered":19,"skipped":0,"pct":100},"functions":{"total":0,"covered":0,"skipped":0,"pct":100},"statements":{"total":19,"covered":19,"skipped":0,"pct":100},"branches":{"total":0,"covered":0,"skipped":0,"pct":100}}
,"/Users/persovt/Documents/project/goods-converter/src/streams/CSVStream.ts": {"lines":{"total":31,"covered":31,"skipped":0,"pct":100},"functions":{"total":5,"covered":5,"skipped":0,"pct":100},"statements":{"total":31,"covered":31,"skipped":0,"pct":100},"branches":{"total":8,"covered":8,"skipped":0,"pct":100}}
,"/Users/persovt/Documents/project/goods-converter/src/types/Brand.types.ts": {"lines":{"total":0,"covered":0,"skipped":0,"pct":100},"functions":{"total":0,"covered":0,"skipped":0,"pct":100},"statements":{"total":0,"covered":0,"skipped":0,"pct":100},"branches":{"total":0,"covered":0,"skipped":0,"pct":100}}
,"/Users/persovt/Documents/project/goods-converter/src/types/Category.types.ts": {"lines":{"total":0,"covered":0,"skipped":0,"pct":100},"functions":{"total":0,"covered":0,"skipped":0,"pct":100},"statements":{"total":0,"covered":0,"skipped":0,"pct":100},"branches":{"total":0,"covered":0,"skipped":0,"pct":100}}
,"/Users/persovt/Documents/project/goods-converter/src/types/Product.types.ts": {"lines":{"total":12,"covered":12,"skipped":0,"pct":100},"functions":{"total":0,"covered":0,"skipped":0,"pct":100},"statements":{"total":12,"covered":12,"skipped":0,"pct":100},"branches":{"total":2,"covered":2,"skipped":0,"pct":100}}
,"/Users/persovt/Documents/project/goods-converter/src/types/index.ts": {"lines":{"total":3,"covered":3,"skipped":0,"pct":100},"functions":{"total":0,"covered":0,"skipped":0,"pct":100},"statements":{"total":3,"covered":3,"skipped":0,"pct":100},"branches":{"total":0,"covered":0,"skipped":0,"pct":100}}
,"/Users/persovt/Documents/project/goods-converter/src/utils/streamToBuffer.ts": {"lines":{"total":12,"covered":11,"skipped":0,"pct":91.66},"functions":{"total":1,"covered":1,"skipped":0,"pct":100},"statements":{"total":12,"covered":11,"skipped":0,"pct":91.66},"branches":{"total":4,"covered":4,"skipped":0,"pct":100}}
}
